<!DOCTYPE html PUBLIC "-//W3C//DTD XHTML 1.1//EN" "https://www.w3.org/TR/xhtml11/DTD/xhtml11.dtd">
<html xmlns="https://www.w3.org/1999/xhtml">
<head>
<meta http-equiv="content-type" content="text/html; charset=UTF-8"/>
<title>TestNG Report</title>
<style type="text/css">table {margin-bottom:10px;border-collapse:collapse;empty-cells:show}th,td {border:1px solid #009;padding:.25em .5em}th {vertical-align:bottom}td {vertical-align:top}table a {font-weight:bold}.stripe td {background-color: #E6EBF9}.num {text-align:right}.passedodd td {background-color: #3F3}.passedeven td {background-color: #0A0}.skippedodd td {background-color: #DDD}.skippedeven td {background-color: #CCC}.failedodd td,.attn {background-color: #F33}.failedeven td,.stripe .attn {background-color: #D00}.stacktrace {white-space:pre;font-family:monospace}.totop {font-size:85%;text-align:center;border-bottom:2px solid #000}.invisible {display:none}</style>
</head>
<body>
<table>
<tr><th>Test</th><th># Passed</th><th># Skipped</th><th># Retried</th><th># Failed</th><th>Time (ms)</th><th>Included Groups</th><th>Excluded Groups</th></tr>
<tr><th colspan="8">TutorialsNinja Automation Suite</th></tr>
<tr><td><a href="#t0">TutorialsNinja Tests</a></td><td class="num">11</td><td class="num attn">1</td><td class="num">0</td><td class="num attn">2</td><td class="num">125,410</td><td></td><td></td></tr>
</table>
<table id='summary'><thead><tr><th>Class</th><th>Method</th><th>Start</th><th>Time (ms)</th></tr></thead><tbody><tr><th colspan="4">TutorialsNinja Automation Suite</th></tr></tbody><tbody id="t0"><tr><th colspan="4">TutorialsNinja Tests &#8212; failed</th></tr><tr class="failedeven"><td rowspan="1">com.tutorialsninja.qa.testcases.LoginTest</td><td><a href="#m0">verifyLoginWithValidCredentials</a></td><td rowspan="1">1694537151227</td><td rowspan="1">11085</td></tr><tr class="failedodd"><td rowspan="1">com.tutorialsninja.qa.testcases.SearchTest</td><td><a href="#m1">verifySearchWithInvalidProduct</a></td><td rowspan="1">1694537226843</td><td rowspan="1">782</td></tr><tr><th colspan="4">TutorialsNinja Tests &#8212; skipped</th></tr><tr class="skippedeven"><td rowspan="1">com.tutorialsninja.qa.testcases.SearchTest</td><td><a href="#m2">verifySearchWithoutAnyProduct</a></td><td rowspan="1">1694537228444</td><td rowspan="1">0</td></tr><tr><th colspan="4">TutorialsNinja Tests &#8212; passed</th></tr><tr class="passedeven"><td rowspan="6">com.tutorialsninja.qa.testcases.LoginTest</td><td><a href="#m3">verifyLoginWithInvalidCredentials</a></td><td rowspan="1">1694537187278</td><td rowspan="1">894</td></tr><tr class="passedeven"><td><a href="#m4">verifyLoginWithInvalidEmailAndValidPassword</a></td><td rowspan="1">1694537195576</td><td rowspan="1">944</td></tr><tr class="passedeven"><td><a href="#m5">verifyLoginWithValidCredentials</a></td><td rowspan="2">1694537169711</td><td rowspan="2">1350</td></tr><tr class="passedeven"><td><a href="#m6">verifyLoginWithValidCredentials</a></td></tr><tr class="passedeven"><td><a href="#m7">verifyLoginWithValidEmailAndInvalidPassword</a></td><td rowspan="1">1694537203668</td><td rowspan="1">877</td></tr><tr class="passedeven"><td><a href="#m8">verifyLoginWithoutProvidingCredentials</a></td><td rowspan="1">1694537211691</td><td rowspan="1">628</td></tr><tr class="passedodd"><td rowspan="4">com.tutorialsninja.qa.testcases.RegisterTest</td><td><a href="#m9">verifyRegisteringAccountByProvidingAllFields</a></td><td rowspan="1">1694537122493</td><td rowspan="1">1898</td></tr><tr class="passedodd"><td><a href="#m10">verifyRegisteringAccountWithExistingEmailAddress</a></td><td rowspan="1">1694537132410</td><td rowspan="1">1480</td></tr><tr class="passedodd"><td><a href="#m11">verifyRegisteringAccountWithoutFillingAnyDetails</a></td><td rowspan="1">1694537142222</td><td rowspan="1">857</td></tr><tr class="passedodd"><td><a href="#m12">verifyRegisteringAnAccountWithMandatoryFields</a></td><td rowspan="1">1694537112401</td><td rowspan="1">1761</td></tr><tr class="passedeven"><td rowspan="1">com.tutorialsninja.qa.testcases.SearchTest</td><td><a href="#m13">verifySearchWithValidProduct</a></td><td rowspan="1">1694537219368</td><td rowspan="1">1034</td></tr></tbody>
</table>
<h2>TutorialsNinja Tests</h2><h3 id="m0">com.tutorialsninja.qa.testcases.LoginTest#verifyLoginWithValidCredentials</h3><table class="result"><tr class="param"><th>Parameter #1</th><th>Parameter #2</th></tr><tr class="param stripe"><td>amotooricap9@gmail.com</td><td>12345</td></tr><tr><th colspan="2">Exception</th></tr><tr><td colspan="2"><div class="stacktrace">org.openqa.selenium.NoSuchElementException: no such element: Unable to locate element: {&quot;method&quot;:&quot;link text&quot;,&quot;selector&quot;:&quot;Edit your account information&quot;}
  (Session info: chrome=116.0.5845.180)
For documentation on this error, please visit: https://selenium.dev/exceptions/#no_such_element
Build info: version: &apos;4.9.0&apos;, revision: &apos;d7057100a6&apos;
System info: os.name: &apos;Windows 10&apos;, os.arch: &apos;amd64&apos;, os.version: &apos;10.0&apos;, java.version: &apos;11.0.10&apos;
Driver info: org.openqa.selenium.chrome.ChromeDriver
Command: [a529c4ea23173d921c78a763f5589ee3, findElement {using=link text, value=Edit your account information}]
Capabilities {acceptInsecureCerts: false, browserName: chrome, browserVersion: 116.0.5845.180, chrome: {chromedriverVersion: 116.0.5845.96 (1a3918166880..., userDataDir: C:\Users\USER\AppData\Local...}, fedcm:accounts: true, goog:chromeOptions: {debuggerAddress: localhost:64577}, networkConnectionEnabled: false, pageLoadStrategy: normal, platformName: WINDOWS, proxy: Proxy(), se:cdp: ws://localhost:64577/devtoo..., se:cdpVersion: 116.0.5845.180, setWindowRect: true, strictFileInteractability: false, timeouts: {implicit: 0, pageLoad: 300000, script: 30000}, unhandledPromptBehavior: dismiss and notify, webauthn:extension:credBlob: true, webauthn:extension:largeBlob: true, webauthn:extension:minPinLength: true, webauthn:extension:prf: true, webauthn:virtualAuthenticators: true}
Session ID: a529c4ea23173d921c78a763f5589ee3
	at org.openqa.selenium.remote.codec.w3c.W3CHttpResponseCodec.createException(W3CHttpResponseCodec.java:200)
	at org.openqa.selenium.remote.codec.w3c.W3CHttpResponseCodec.decode(W3CHttpResponseCodec.java:133)
	at org.openqa.selenium.remote.codec.w3c.W3CHttpResponseCodec.decode(W3CHttpResponseCodec.java:53)
	at org.openqa.selenium.remote.HttpCommandExecutor.execute(HttpCommandExecutor.java:193)
	at org.openqa.selenium.remote.service.DriverCommandExecutor.invokeExecute(DriverCommandExecutor.java:183)
	at org.openqa.selenium.remote.service.DriverCommandExecutor.execute(DriverCommandExecutor.java:158)
	at org.openqa.selenium.remote.RemoteWebDriver.execute(RemoteWebDriver.java:543)
	at org.openqa.selenium.remote.ElementLocation$ElementFinder$2.findElement(ElementLocation.java:162)
	at org.openqa.selenium.remote.ElementLocation.findElement(ElementLocation.java:60)
	at org.openqa.selenium.remote.RemoteWebDriver.findElement(RemoteWebDriver.java:352)
	at org.openqa.selenium.remote.RemoteWebDriver.findElement(RemoteWebDriver.java:344)
	at org.openqa.selenium.support.pagefactory.DefaultElementLocator.findElement(DefaultElementLocator.java:70)
	at org.openqa.selenium.support.pagefactory.internal.LocatingElementHandler.invoke(LocatingElementHandler.java:39)
	at com.sun.proxy.$Proxy18.isDisplayed(Unknown Source)
	at com.tutorialsninja.qa.pages.AccountPage.getDisplayStatusOfEditYourAccountInformationOption(AccountPage.java:24)
	at com.tutorialsninja.qa.testcases.LoginTest.verifyLoginWithValidCredentials(LoginTest.java:46)
	at java.base/java.util.ArrayList.forEach(ArrayList.java:1541)
... Removed 31 stack frames</div></td></tr></table><p class="totop"><a href="#summary">back to summary</a></p>
<h3 id="m1">com.tutorialsninja.qa.testcases.SearchTest#verifySearchWithInvalidProduct</h3><table class="result"><tr><th>Exception</th></tr><tr><td><div class="stacktrace">java.lang.AssertionError: No product message in search results is not displayed expected [abcd] but found [There is no product that matches the search criteria.]
	at com.tutorialsninja.qa.testcases.SearchTest.verifySearchWithInvalidProduct(SearchTest.java:52)
	at java.base/java.util.ArrayList.forEach(ArrayList.java:1541)
... Removed 32 stack frames</div></td></tr></table><p class="totop"><a href="#summary">back to summary</a></p>
<h3 id="m2">com.tutorialsninja.qa.testcases.SearchTest#verifySearchWithoutAnyProduct</h3><table class="result"><tr><th>Exception</th></tr><tr><td><div class="stacktrace">java.lang.Throwable: Method com.tutorialsninja.qa.testcases.SearchTest.verifySearchWithoutAnyProduct() on instance com.tutorialsninja.qa.testcases.SearchTest@5ddeb7cb depends on not successfully finished methods 
[com.tutorialsninja.qa.testcases.SearchTest.verifySearchWithValidProduct() on instance com.tutorialsninja.qa.testcases.SearchTest@5ddeb7cb
com.tutorialsninja.qa.testcases.SearchTest.verifySearchWithInvalidProduct() on instance com.tutorialsninja.qa.testcases.SearchTest@5ddeb7cb]
	at java.base/java.util.ArrayList.forEach(ArrayList.java:1541)
... Removed 18 stack frames</div></td></tr></table><p class="totop"><a href="#summary">back to summary</a></p>
<h3 id="m3">com.tutorialsninja.qa.testcases.LoginTest#verifyLoginWithInvalidCredentials</h3><table class="result"><tr><th class="invisible"/></tr></table><p class="totop"><a href="#summary">back to summary</a></p>
<h3 id="m4">com.tutorialsninja.qa.testcases.LoginTest#verifyLoginWithInvalidEmailAndValidPassword</h3><table class="result"><tr><th class="invisible"/></tr></table><p class="totop"><a href="#summary">back to summary</a></p>
<h3 id="m5">com.tutorialsninja.qa.testcases.LoginTest#verifyLoginWithValidCredentials</h3><table class="result"><tr class="param"><th>Parameter #1</th><th>Parameter #2</th></tr><tr class="param stripe"><td>amotooricap1@gmail.com</td><td>12345</td></tr></table><p class="totop"><a href="#summary">back to summary</a></p>
<h3 id="m6">com.tutorialsninja.qa.testcases.LoginTest#verifyLoginWithValidCredentials</h3><table class="result"><tr class="param"><th>Parameter #1</th><th>Parameter #2</th></tr><tr class="param stripe"><td>amotooricap3@gmail.com</td><td>12345</td></tr></table><p class="totop"><a href="#summary">back to summary</a></p>
<h3 id="m7">com.tutorialsninja.qa.testcases.LoginTest#verifyLoginWithValidEmailAndInvalidPassword</h3><table class="result"><tr><th class="invisible"/></tr></table><p class="totop"><a href="#summary">back to summary</a></p>
<h3 id="m8">com.tutorialsninja.qa.testcases.LoginTest#verifyLoginWithoutProvidingCredentials</h3><table class="result"><tr><th class="invisible"/></tr></table><p class="totop"><a href="#summary">back to summary</a></p>
<h3 id="m9">com.tutorialsninja.qa.testcases.RegisterTest#verifyRegisteringAccountByProvidingAllFields</h3><table class="result"><tr><th class="invisible"/></tr></table><p class="totop"><a href="#summary">back to summary</a></p>
<h3 id="m10">com.tutorialsninja.qa.testcases.RegisterTest#verifyRegisteringAccountWithExistingEmailAddress</h3><table class="result"><tr><th class="invisible"/></tr></table><p class="totop"><a href="#summary">back to summary</a></p>
<h3 id="m11">com.tutorialsninja.qa.testcases.RegisterTest#verifyRegisteringAccountWithoutFillingAnyDetails</h3><table class="result"><tr><th class="invisible"/></tr></table><p class="totop"><a href="#summary">back to summary</a></p>
<h3 id="m12">com.tutorialsninja.qa.testcases.RegisterTest#verifyRegisteringAnAccountWithMandatoryFields</h3><table class="result"><tr><th class="invisible"/></tr></table><p class="totop"><a href="#summary">back to summary</a></p>
<h3 id="m13">com.tutorialsninja.qa.testcases.SearchTest#verifySearchWithValidProduct</h3><table class="result"><tr><th class="invisible"/></tr></table><p class="totop"><a href="#summary">back to summary</a></p>
</body>
</html>
